<?xml version="1.0" encoding="UTF-8"?>
<testng-results ignored="0" total="2" passed="2" failed="0" skipped="0">
  <reporter-output>
  </reporter-output>
  <suite started-at="2022-09-04T16:43:24 EDT" name="Suite" finished-at="2022-09-04T16:43:24 EDT" duration-ms="24">
    <groups>
    </groups>
    <test started-at="2022-09-04T16:43:24 EDT" name="Test" finished-at="2022-09-04T16:43:24 EDT" duration-ms="24">
      <class name="com.testannotations.TestAnnotation">
        <test-method is-config="true" signature="beforeTest()[pri:0, instance:com.testannotations.TestAnnotation@120f102b]" started-at="2022-09-04T16:43:24 EDT" name="beforeTest" finished-at="2022-09-04T16:43:24 EDT" duration-ms="4" status="PASS">
          <reporter-output>
          </reporter-output>
        </test-method> <!-- beforeTest -->
        <test-method is-config="true" signature="beforeClass()[pri:0, instance:com.testannotations.TestAnnotation@120f102b]" started-at="2022-09-04T16:43:24 EDT" name="beforeClass" finished-at="2022-09-04T16:43:24 EDT" duration-ms="0" status="PASS">
          <reporter-output>
          </reporter-output>
        </test-method> <!-- beforeClass -->
        <test-method is-config="true" signature="beforeMethod()[pri:0, instance:com.testannotations.TestAnnotation@120f102b]" started-at="2022-09-04T16:43:24 EDT" name="beforeMethod" finished-at="2022-09-04T16:43:24 EDT" duration-ms="0" status="PASS">
          <reporter-output>
          </reporter-output>
        </test-method> <!-- beforeMethod -->
        <test-method signature="test1()[pri:0, instance:com.testannotations.TestAnnotation@120f102b]" started-at="2022-09-04T16:43:24 EDT" name="test1" finished-at="2022-09-04T16:43:24 EDT" duration-ms="2" status="PASS">
          <reporter-output>
          </reporter-output>
        </test-method> <!-- test1 -->
        <test-method is-config="true" signature="afterMethod()[pri:0, instance:com.testannotations.TestAnnotation@120f102b]" started-at="2022-09-04T16:43:24 EDT" name="afterMethod" finished-at="2022-09-04T16:43:24 EDT" duration-ms="1" status="PASS">
          <reporter-output>
          </reporter-output>
        </test-method> <!-- afterMethod -->
        <test-method signature="test2()[pri:0, instance:com.testannotations.TestAnnotation@120f102b]" started-at="2022-09-04T16:43:24 EDT" name="test2" finished-at="2022-09-04T16:43:24 EDT" duration-ms="0" status="PASS">
          <reporter-output>
          </reporter-output>
        </test-method> <!-- test2 -->
        <test-method is-config="true" signature="beforeMethod()[pri:0, instance:com.testannotations.TestAnnotation@120f102b]" started-at="2022-09-04T16:43:24 EDT" name="beforeMethod" finished-at="2022-09-04T16:43:24 EDT" duration-ms="0" status="PASS">
          <reporter-output>
          </reporter-output>
        </test-method> <!-- beforeMethod -->
        <test-method is-config="true" signature="afterClass()[pri:0, instance:com.testannotations.TestAnnotation@120f102b]" started-at="2022-09-04T16:43:24 EDT" name="afterClass" finished-at="2022-09-04T16:43:24 EDT" duration-ms="0" status="PASS">
          <reporter-output>
          </reporter-output>
        </test-method> <!-- afterClass -->
        <test-method is-config="true" signature="afterMethod()[pri:0, instance:com.testannotations.TestAnnotation@120f102b]" started-at="2022-09-04T16:43:24 EDT" name="afterMethod" finished-at="2022-09-04T16:43:24 EDT" duration-ms="0" status="PASS">
          <reporter-output>
          </reporter-output>
        </test-method> <!-- afterMethod -->
        <test-method is-config="true" signature="afterTest()[pri:0, instance:com.testannotations.TestAnnotation@120f102b]" started-at="2022-09-04T16:43:24 EDT" name="afterTest" finished-at="2022-09-04T16:43:24 EDT" duration-ms="0" status="PASS">
          <reporter-output>
          </reporter-output>
        </test-method> <!-- afterTest -->
      </class> <!-- com.testannotations.TestAnnotation -->
    </test> <!-- Test -->
  </suite> <!-- Suite -->
</testng-results>
